<?xml version="1.0" encoding="UTF-8"?>
<testsuite xmlns:xsi="http://www.w3.org/2001/XMLSchema-instance" xsi:noNamespaceSchemaLocation="https://maven.apache.org/surefire/maven-surefire-plugin/xsd/surefire-test-report.xsd" name="com.sootanalysis.AppTest" time="0.064" tests="1" errors="0" skipped="0" failures="0">
  <properties>
    <property name="java.specification.version" value="13"/>
    <property name="sun.cpu.isalist" value="amd64"/>
    <property name="sun.jnu.encoding" value="Cp1252"/>
    <property name="java.class.path" value="D:\IIT Hyderabad\Research\API misuse prediction\Soot-Analyzer\pdg\target\test-classes;D:\IIT Hyderabad\Research\API misuse prediction\Soot-Analyzer\pdg\target\classes;C:\Users\tamal\.m2\repository\junit\junit\4.11\junit-4.11.jar;C:\Users\tamal\.m2\repository\org\hamcrest\hamcrest-core\1.3\hamcrest-core-1.3.jar;"/>
    <property name="java.vm.vendor" value="Oracle Corporation"/>
    <property name="sun.arch.data.model" value="64"/>
    <property name="user.variant" value=""/>
    <property name="java.vendor.url" value="https://java.oracle.com/"/>
    <property name="user.timezone" value="Asia/Calcutta"/>
    <property name="os.name" value="Windows 10"/>
    <property name="java.vm.specification.version" value="13"/>
    <property name="sun.java.launcher" value="SUN_STANDARD"/>
    <property name="user.country" value="IN"/>
    <property name="sun.boot.library.path" value="D:\Applications\Java\bin"/>
    <property name="sun.java.command" value="C:\Users\tamal\AppData\Local\Temp\surefire16476184123538462952\surefirebooter4720206824165004889.jar C:\Users\tamal\AppData\Local\Temp\surefire16476184123538462952 2024-01-19T20-51-59_694-jvmRun1 surefire9508935577430290194tmp surefire_06876525616515574616tmp"/>
    <property name="jdk.debug" value="release"/>
    <property name="surefire.test.class.path" value="D:\IIT Hyderabad\Research\API misuse prediction\Soot-Analyzer\pdg\target\test-classes;D:\IIT Hyderabad\Research\API misuse prediction\Soot-Analyzer\pdg\target\classes;C:\Users\tamal\.m2\repository\junit\junit\4.11\junit-4.11.jar;C:\Users\tamal\.m2\repository\org\hamcrest\hamcrest-core\1.3\hamcrest-core-1.3.jar;"/>
    <property name="sun.cpu.endian" value="little"/>
    <property name="user.home" value="C:\Users\tamal"/>
    <property name="user.language" value="en"/>
    <property name="java.specification.vendor" value="Oracle Corporation"/>
    <property name="java.version.date" value="2019-09-17"/>
    <property name="java.home" value="D:\Applications\Java"/>
    <property name="file.separator" value="\"/>
    <property name="basedir" value="D:\IIT Hyderabad\Research\API misuse prediction\Soot-Analyzer\pdg"/>
    <property name="java.vm.compressedOopsMode" value="32-bit"/>
    <property name="line.separator" value="&#10;"/>
    <property name="java.vm.specification.vendor" value="Oracle Corporation"/>
    <property name="java.specification.name" value="Java Platform API Specification"/>
    <property name="surefire.real.class.path" value="C:\Users\tamal\AppData\Local\Temp\surefire16476184123538462952\surefirebooter4720206824165004889.jar"/>
    <property name="user.script" value=""/>
    <property name="sun.management.compiler" value="HotSpot 64-Bit Tiered Compilers"/>
    <property name="java.runtime.version" value="13+33"/>
    <property name="user.name" value="tamal"/>
    <property name="path.separator" value=";"/>
    <property name="os.version" value="10.0"/>
    <property name="java.runtime.name" value="Java(TM) SE Runtime Environment"/>
    <property name="file.encoding" value="Cp1252"/>
    <property name="java.vm.name" value="Java HotSpot(TM) 64-Bit Server VM"/>
    <property name="localRepository" value="C:\Users\tamal\.m2\repository"/>
    <property name="java.vendor.url.bug" value="https://bugreport.java.com/bugreport/"/>
    <property name="java.io.tmpdir" value="C:\Users\tamal\AppData\Local\Temp\"/>
    <property name="java.version" value="13"/>
    <property name="user.dir" value="D:\IIT Hyderabad\Research\API misuse prediction\Soot-Analyzer\pdg"/>
    <property name="os.arch" value="amd64"/>
    <property name="java.vm.specification.name" value="Java Virtual Machine Specification"/>
    <property name="sun.os.patch.level" value=""/>
    <property name="java.library.path" value="D:\Applications\Java\bin;C:\WINDOWS\Sun\Java\bin;C:\WINDOWS\system32;C:\WINDOWS;C:\Program Files\NVIDIA GPU Computing Toolkit\CUDA\v11.6\bin;C:\Program Files\NVIDIA GPU Computing Toolkit\CUDA\v11.6\libnvvp;C:\WINDOWS\system32;C:\WINDOWS;C:\WINDOWS\System32\Wbem;C:\WINDOWS\System32\WindowsPowerShell\v1.0\;C:\WINDOWS\System32\OpenSSH\;C:\Program Files (x86)\Intel\Intel(R) Management Engine Components\DAL;C:\Program Files\Intel\Intel(R) Management Engine Components\DAL;D:\Applications\Java\bin;C:\ProgramData\chocolatey\bin;D:\Applications\apache-maven-3.6.2-bin\apache-maven-3.6.2\bin;D:\Applications\MongoDB\bin;D:\Applications\PuTTY\;D:\Applications\Anaconda3;D:\Applications\Anaconda3\Scripts;D:\Applications\Anaconda3\Library;D:\Applications\Anaconda3\Library\bin;D:\Applications\Anaconda3\Library\mingw-w64\bin;C:\Program Files\WireGuard\;D:\Applications\Git\cmd;C:\Program Files\MySQL\MySQL Server 8.0\bin;C:\Program Files\NVIDIA Corporation\Nsight Compute 2022.1.0\;C:\Program Files (x86)\NVIDIA Corporation\PhysX\Common;C:\Program Files\NVIDIA Corporation\NVIDIA NvDLISR;D:\Applications\CMake\bin;D:\Applications\ninja-win;C:\WINDOWS\system32;C:\WINDOWS;C:\WINDOWS\System32\Wbem;C:\WINDOWS\System32\WindowsPowerShell\v1.0\;C:\WINDOWS\System32\OpenSSH\;C:\Program Files\Microsoft SQL Server\130\Tools\Binn\;C:\Program Files\PowerShell\7-preview\preview;C:\Program Files\PowerShell\7\;C:\Program Files\MySQL\MySQL Shell 8.0\bin\;D:\Applications\Anaconda3\Scripts\;C:\Users\tamal\AppData\Local\Microsoft\WindowsApps;D:\Applications\Microsoft VS Code\bin;D:\Applications\Cpp-mingw-w64\mingw64\bin;;C:\Users\tamal\AppData\Local\Microsoft\WindowsApps;D:\Applications\PyCharm Community Edition 2020.3.5\bin;;."/>
    <property name="java.vm.info" value="mixed mode, sharing"/>
    <property name="java.vendor" value="Oracle Corporation"/>
    <property name="java.vm.version" value="13+33"/>
    <property name="sun.io.unicode.encoding" value="UnicodeLittle"/>
    <property name="java.class.version" value="57.0"/>
  </properties>
  <testcase name="shouldAnswerWithTrue" classname="com.sootanalysis.AppTest" time="0.003"/>
</testsuite>